Copyright 1986-2022 Xilinx, Inc. All Rights Reserved.
---------------------------------------------------------------------------------------------------------------------------------------------------------------------------------------------------------
| Tool Version : Vivado v.2022.1 (win64) Build 3526262 Mon Apr 18 15:48:16 MDT 2022
| Date         : Wed Sep 28 17:48:25 2022
| Host         : LAPTOP-0LP994KE running 64-bit major release  (build 9200)
| Command      : report_timing_summary -max_paths 10 -report_unconstrained -file lab7_timing_summary_routed.rpt -pb lab7_timing_summary_routed.pb -rpx lab7_timing_summary_routed.rpx -warn_on_violation
| Design       : lab7
| Device       : 7a35t-cpg236
| Speed File   : -1  PRODUCTION 1.23 2018-06-13
---------------------------------------------------------------------------------------------------------------------------------------------------------------------------------------------------------

Timing Summary Report

------------------------------------------------------------------------------------------------
| Timer Settings
| --------------
------------------------------------------------------------------------------------------------

  Enable Multi Corner Analysis               :  Yes
  Enable Pessimism Removal                   :  Yes
  Pessimism Removal Resolution               :  Nearest Common Node
  Enable Input Delay Default Clock           :  No
  Enable Preset / Clear Arcs                 :  No
  Disable Flight Delays                      :  No
  Ignore I/O Paths                           :  No
  Timing Early Launch at Borrowing Latches   :  No
  Borrow Time for Max Delay Exceptions       :  Yes
  Merge Timing Exceptions                    :  Yes

  Corner  Analyze    Analyze    
  Name    Max Paths  Min Paths  
  ------  ---------  ---------  
  Slow    Yes        Yes        
  Fast    Yes        Yes        


------------------------------------------------------------------------------------------------
| Report Methodology
| ------------------
------------------------------------------------------------------------------------------------

Rule       Severity          Description                  Violations  
---------  ----------------  ---------------------------  ----------  
TIMING-17  Critical Warning  Non-clocked sequential cell  2           

Note: This report is based on the most recent report_methodology run and may not be up-to-date. Run report_methodology on the current design for the latest report.



check_timing report

Table of Contents
-----------------
1. checking no_clock (2)
2. checking constant_clock (0)
3. checking pulse_width_clock (0)
4. checking unconstrained_internal_endpoints (2)
5. checking no_input_delay (2)
6. checking no_output_delay (2)
7. checking multiple_clock (0)
8. checking generated_clocks (0)
9. checking loops (0)
10. checking partial_input_delay (0)
11. checking partial_output_delay (0)
12. checking latch_loops (0)

1. checking no_clock (2)
------------------------
 There are 2 register/latch pins with no clock driven by root clock pin: clk (HIGH)


2. checking constant_clock (0)
------------------------------
 There are 0 register/latch pins with constant_clock.


3. checking pulse_width_clock (0)
---------------------------------
 There are 0 register/latch pins which need pulse_width check


4. checking unconstrained_internal_endpoints (2)
------------------------------------------------
 There are 2 pins that are not constrained for maximum delay. (HIGH)

 There are 0 pins that are not constrained for maximum delay due to constant clock.


5. checking no_input_delay (2)
------------------------------
 There are 2 input ports with no input delay specified. (HIGH)

 There are 0 input ports with no input delay but user has a false path constraint.


6. checking no_output_delay (2)
-------------------------------
 There are 2 ports with no output delay specified. (HIGH)

 There are 0 ports with no output delay but user has a false path constraint

 There are 0 ports with no output delay but with a timing clock defined on it or propagating through it


7. checking multiple_clock (0)
------------------------------
 There are 0 register/latch pins with multiple clocks.


8. checking generated_clocks (0)
--------------------------------
 There are 0 generated clocks that are not connected to a clock source.


9. checking loops (0)
---------------------
 There are 0 combinational loops in the design.


10. checking partial_input_delay (0)
------------------------------------
 There are 0 input ports with partial input delay specified.


11. checking partial_output_delay (0)
-------------------------------------
 There are 0 ports with partial output delay specified.


12. checking latch_loops (0)
----------------------------
 There are 0 combinational latch loops in the design through latch input



------------------------------------------------------------------------------------------------
| Design Timing Summary
| ---------------------
------------------------------------------------------------------------------------------------

    WNS(ns)      TNS(ns)  TNS Failing Endpoints  TNS Total Endpoints      WHS(ns)      THS(ns)  THS Failing Endpoints  THS Total Endpoints     WPWS(ns)     TPWS(ns)  TPWS Failing Endpoints  TPWS Total Endpoints  
    -------      -------  ---------------------  -------------------      -------      -------  ---------------------  -------------------     --------     --------  ----------------------  --------------------  
        inf        0.000                      0                    4          inf        0.000                      0                    4           NA           NA                      NA                    NA  


There are no user specified timing constraints.


------------------------------------------------------------------------------------------------
| Clock Summary
| -------------
------------------------------------------------------------------------------------------------


------------------------------------------------------------------------------------------------
| Intra Clock Table
| -----------------
------------------------------------------------------------------------------------------------

Clock             WNS(ns)      TNS(ns)  TNS Failing Endpoints  TNS Total Endpoints      WHS(ns)      THS(ns)  THS Failing Endpoints  THS Total Endpoints     WPWS(ns)     TPWS(ns)  TPWS Failing Endpoints  TPWS Total Endpoints  
-----             -------      -------  ---------------------  -------------------      -------      -------  ---------------------  -------------------     --------     --------  ----------------------  --------------------  


------------------------------------------------------------------------------------------------
| Inter Clock Table
| -----------------
------------------------------------------------------------------------------------------------

From Clock    To Clock          WNS(ns)      TNS(ns)  TNS Failing Endpoints  TNS Total Endpoints      WHS(ns)      THS(ns)  THS Failing Endpoints  THS Total Endpoints  
----------    --------          -------      -------  ---------------------  -------------------      -------      -------  ---------------------  -------------------  


------------------------------------------------------------------------------------------------
| Other Path Groups Table
| -----------------------
------------------------------------------------------------------------------------------------

Path Group    From Clock    To Clock          WNS(ns)      TNS(ns)  TNS Failing Endpoints  TNS Total Endpoints      WHS(ns)      THS(ns)  THS Failing Endpoints  THS Total Endpoints  
----------    ----------    --------          -------      -------  ---------------------  -------------------      -------      -------  ---------------------  -------------------  


------------------------------------------------------------------------------------------------
| User Ignored Path Table
| -----------------------
------------------------------------------------------------------------------------------------

Path Group    From Clock    To Clock    
----------    ----------    --------    


------------------------------------------------------------------------------------------------
| Unconstrained Path Table
| ------------------------
------------------------------------------------------------------------------------------------

Path Group    From Clock    To Clock    
----------    ----------    --------    
(none)                                    


------------------------------------------------------------------------------------------------
| Timing Details
| --------------
------------------------------------------------------------------------------------------------


--------------------------------------------------------------------------------------
Path Group:  (none)
From Clock:  
  To Clock:  

Max Delay             4 Endpoints
Min Delay             4 Endpoints
--------------------------------------------------------------------------------------


Max Delay Paths
--------------------------------------------------------------------------------------
Slack:                    inf
  Source:                 qbar_reg/C
                            (rising edge-triggered cell FDRE)
  Destination:            qbar
                            (output port)
  Path Group:             (none)
  Path Type:              Max at Slow Process Corner
  Data Path Delay:        4.939ns  (logic 3.192ns (64.627%)  route 1.747ns (35.373%))
  Logic Levels:           2  (FDRE=1 OBUF=1)

    Location             Delay type                Incr(ns)  Path(ns)    Netlist Resource(s)
  -------------------------------------------------------------------    -------------------
    SLICE_X0Y1           FDRE                         0.000     0.000 r  qbar_reg/C
    SLICE_X0Y1           FDRE (Prop_fdre_C_Q)         0.419     0.419 r  qbar_reg/Q
                         net (fo=2, routed)           1.747     2.166    qbar_OBUF
    U16                  OBUF (Prop_obuf_I_O)         2.773     4.939 r  qbar_OBUF_inst/O
                         net (fo=0)                   0.000     4.939    qbar
    U16                                                               r  qbar (OUT)
  -------------------------------------------------------------------    -------------------

Slack:                    inf
  Source:                 q_reg/C
                            (rising edge-triggered cell FDRE)
  Destination:            q
                            (output port)
  Path Group:             (none)
  Path Type:              Max at Slow Process Corner
  Data Path Delay:        4.736ns  (logic 3.053ns (64.463%)  route 1.683ns (35.537%))
  Logic Levels:           2  (FDRE=1 OBUF=1)

    Location             Delay type                Incr(ns)  Path(ns)    Netlist Resource(s)
  -------------------------------------------------------------------    -------------------
    SLICE_X0Y1           FDRE                         0.000     0.000 r  q_reg/C
    SLICE_X0Y1           FDRE (Prop_fdre_C_Q)         0.456     0.456 r  q_reg/Q
                         net (fo=2, routed)           1.683     2.139    q_OBUF
    V13                  OBUF (Prop_obuf_I_O)         2.597     4.736 r  q_OBUF_inst/O
                         net (fo=0)                   0.000     4.736    q
    V13                                                               r  q (OUT)
  -------------------------------------------------------------------    -------------------

Slack:                    inf
  Source:                 j
                            (input port)
  Destination:            qbar_reg/D
  Path Group:             (none)
  Path Type:              Max at Slow Process Corner
  Data Path Delay:        2.471ns  (logic 1.088ns (44.045%)  route 1.383ns (55.955%))
  Logic Levels:           2  (IBUF=1 LUT3=1)

    Location             Delay type                Incr(ns)  Path(ns)    Netlist Resource(s)
  -------------------------------------------------------------------    -------------------
    U14                                               0.000     0.000 f  j (IN)
                         net (fo=0)                   0.000     0.000    j
    U14                  IBUF (Prop_ibuf_I_O)         0.936     0.936 f  j_IBUF_inst/O
                         net (fo=2, routed)           1.383     2.319    j_IBUF
    SLICE_X0Y1           LUT3 (Prop_lut3_I1_O)        0.152     2.471 r  qbar_i_1/O
                         net (fo=1, routed)           0.000     2.471    qbar_i_1_n_0
    SLICE_X0Y1           FDRE                                         r  qbar_reg/D
  -------------------------------------------------------------------    -------------------

Slack:                    inf
  Source:                 j
                            (input port)
  Destination:            q_reg/D
  Path Group:             (none)
  Path Type:              Max at Slow Process Corner
  Data Path Delay:        2.443ns  (logic 1.060ns (43.404%)  route 1.383ns (56.596%))
  Logic Levels:           2  (IBUF=1 LUT3=1)

    Location             Delay type                Incr(ns)  Path(ns)    Netlist Resource(s)
  -------------------------------------------------------------------    -------------------
    U14                                               0.000     0.000 r  j (IN)
                         net (fo=0)                   0.000     0.000    j
    U14                  IBUF (Prop_ibuf_I_O)         0.936     0.936 r  j_IBUF_inst/O
                         net (fo=2, routed)           1.383     2.319    j_IBUF
    SLICE_X0Y1           LUT3 (Prop_lut3_I1_O)        0.124     2.443 r  q_i_1/O
                         net (fo=1, routed)           0.000     2.443    q_i_1_n_0
    SLICE_X0Y1           FDRE                                         r  q_reg/D
  -------------------------------------------------------------------    -------------------





Min Delay Paths
--------------------------------------------------------------------------------------
Slack:                    inf
  Source:                 q_reg/C
                            (rising edge-triggered cell FDRE)
  Destination:            q_reg/D
  Path Group:             (none)
  Path Type:              Min at Fast Process Corner
  Data Path Delay:        0.371ns  (logic 0.186ns (50.162%)  route 0.185ns (49.838%))
  Logic Levels:           2  (FDRE=1 LUT3=1)

    Location             Delay type                Incr(ns)  Path(ns)    Netlist Resource(s)
  -------------------------------------------------------------------    -------------------
    SLICE_X0Y1           FDRE                         0.000     0.000 r  q_reg/C
    SLICE_X0Y1           FDRE (Prop_fdre_C_Q)         0.141     0.141 r  q_reg/Q
                         net (fo=2, routed)           0.185     0.326    q_OBUF
    SLICE_X0Y1           LUT3 (Prop_lut3_I0_O)        0.045     0.371 r  q_i_1/O
                         net (fo=1, routed)           0.000     0.371    q_i_1_n_0
    SLICE_X0Y1           FDRE                                         r  q_reg/D
  -------------------------------------------------------------------    -------------------

Slack:                    inf
  Source:                 qbar_reg/C
                            (rising edge-triggered cell FDRE)
  Destination:            qbar_reg/D
  Path Group:             (none)
  Path Type:              Min at Fast Process Corner
  Data Path Delay:        0.527ns  (logic 0.226ns (42.863%)  route 0.301ns (57.137%))
  Logic Levels:           2  (FDRE=1 LUT3=1)

    Location             Delay type                Incr(ns)  Path(ns)    Netlist Resource(s)
  -------------------------------------------------------------------    -------------------
    SLICE_X0Y1           FDRE                         0.000     0.000 r  qbar_reg/C
    SLICE_X0Y1           FDRE (Prop_fdre_C_Q)         0.128     0.128 r  qbar_reg/Q
                         net (fo=2, routed)           0.301     0.429    qbar_OBUF
    SLICE_X0Y1           LUT3 (Prop_lut3_I0_O)        0.098     0.527 r  qbar_i_1/O
                         net (fo=1, routed)           0.000     0.527    qbar_i_1_n_0
    SLICE_X0Y1           FDRE                                         r  qbar_reg/D
  -------------------------------------------------------------------    -------------------

Slack:                    inf
  Source:                 q_reg/C
                            (rising edge-triggered cell FDRE)
  Destination:            q
                            (output port)
  Path Group:             (none)
  Path Type:              Min at Fast Process Corner
  Data Path Delay:        1.589ns  (logic 1.255ns (78.979%)  route 0.334ns (21.021%))
  Logic Levels:           2  (FDRE=1 OBUF=1)

    Location             Delay type                Incr(ns)  Path(ns)    Netlist Resource(s)
  -------------------------------------------------------------------    -------------------
    SLICE_X0Y1           FDRE                         0.000     0.000 r  q_reg/C
    SLICE_X0Y1           FDRE (Prop_fdre_C_Q)         0.141     0.141 r  q_reg/Q
                         net (fo=2, routed)           0.334     0.475    q_OBUF
    V13                  OBUF (Prop_obuf_I_O)         1.114     1.589 r  q_OBUF_inst/O
                         net (fo=0)                   0.000     1.589    q
    V13                                                               r  q (OUT)
  -------------------------------------------------------------------    -------------------

Slack:                    inf
  Source:                 qbar_reg/C
                            (rising edge-triggered cell FDRE)
  Destination:            qbar
                            (output port)
  Path Group:             (none)
  Path Type:              Min at Fast Process Corner
  Data Path Delay:        1.669ns  (logic 1.297ns (77.712%)  route 0.372ns (22.288%))
  Logic Levels:           2  (FDRE=1 OBUF=1)

    Location             Delay type                Incr(ns)  Path(ns)    Netlist Resource(s)
  -------------------------------------------------------------------    -------------------
    SLICE_X0Y1           FDRE                         0.000     0.000 r  qbar_reg/C
    SLICE_X0Y1           FDRE (Prop_fdre_C_Q)         0.128     0.128 r  qbar_reg/Q
                         net (fo=2, routed)           0.372     0.500    qbar_OBUF
    U16                  OBUF (Prop_obuf_I_O)         1.169     1.669 r  qbar_OBUF_inst/O
                         net (fo=0)                   0.000     1.669    qbar
    U16                                                               r  qbar (OUT)
  -------------------------------------------------------------------    -------------------





